<?xml version="1.0" encoding="UTF-8"?>
<testng-results skipped="0" failed="1" ignored="0" total="2" passed="1">
  <reporter-output>
  </reporter-output>
  <suite name="Suite" duration-ms="29327" started-at="2018-10-22T04:31:39Z" finished-at="2018-10-22T04:32:08Z">
    <groups>
    </groups>
    <test name="validating assertion code" duration-ms="12273" started-at="2018-10-22T04:31:39Z" finished-at="2018-10-22T04:31:51Z">
      <class name="SeleniumTesting.AssertionsCode">
        <test-method status="PASS" signature="basePageNavigation()[pri:0, instance:SeleniumTesting.AssertionsCode@192d43ce]" name="basePageNavigation" is-config="true" duration-ms="9984" started-at="2018-10-22T04:31:39Z" finished-at="2018-10-22T04:31:49Z">
          <reporter-output>
          </reporter-output>
        </test-method> <!-- basePageNavigation -->
        <test-method status="FAIL" signature="titleValidation()[pri:0, instance:SeleniumTesting.AssertionsCode@192d43ce]" name="titleValidation" duration-ms="65" started-at="2018-10-22T04:31:49Z" finished-at="2018-10-22T04:31:49Z">
          <exception class="java.lang.AssertionError">
            <message>
              <![CDATA[expected [Automations Practice Website] but found [Automation Practice Website]]]>
            </message>
            <full-stacktrace>
              <![CDATA[java.lang.AssertionError: expected [Automations Practice Website] but found [Automation Practice Website]
at org.testng.Assert.fail(Assert.java:96)
at org.testng.Assert.failNotEquals(Assert.java:776)
at org.testng.Assert.assertEqualsImpl(Assert.java:137)
at org.testng.Assert.assertEquals(Assert.java:118)
at org.testng.Assert.assertEquals(Assert.java:453)
at org.testng.Assert.assertEquals(Assert.java:463)
at SeleniumTesting.AssertionsCode.titleValidation(AssertionsCode.java:31)
at sun.reflect.NativeMethodAccessorImpl.invoke0(Native Method)
at sun.reflect.NativeMethodAccessorImpl.invoke(NativeMethodAccessorImpl.java:62)
at sun.reflect.DelegatingMethodAccessorImpl.invoke(DelegatingMethodAccessorImpl.java:43)
at java.lang.reflect.Method.invoke(Method.java:498)
at org.testng.internal.MethodInvocationHelper.invokeMethod(MethodInvocationHelper.java:124)
at org.testng.internal.Invoker.invokeMethod(Invoker.java:583)
at org.testng.internal.Invoker.invokeTestMethod(Invoker.java:719)
at org.testng.internal.Invoker.invokeTestMethods(Invoker.java:989)
at org.testng.internal.TestMethodWorker.invokeTestMethods(TestMethodWorker.java:125)
at org.testng.internal.TestMethodWorker.run(TestMethodWorker.java:109)
at org.testng.TestRunner.privateRun(TestRunner.java:648)
at org.testng.TestRunner.run(TestRunner.java:505)
at org.testng.SuiteRunner.runTest(SuiteRunner.java:455)
at org.testng.SuiteRunner.runSequentially(SuiteRunner.java:450)
at org.testng.SuiteRunner.privateRun(SuiteRunner.java:415)
at org.testng.SuiteRunner.run(SuiteRunner.java:364)
at org.testng.SuiteRunnerWorker.runSuite(SuiteRunnerWorker.java:52)
at org.testng.SuiteRunnerWorker.run(SuiteRunnerWorker.java:84)
at org.testng.TestNG.runSuitesSequentially(TestNG.java:1208)
at org.testng.TestNG.runSuitesLocally(TestNG.java:1137)
at org.testng.TestNG.runSuites(TestNG.java:1049)
at org.testng.TestNG.run(TestNG.java:1017)
at org.apache.maven.surefire.testng.TestNGExecutor.run(TestNGExecutor.java:283)
at org.apache.maven.surefire.testng.TestNGXmlTestSuite.execute(TestNGXmlTestSuite.java:75)
at org.apache.maven.surefire.testng.TestNGProvider.invoke(TestNGProvider.java:120)
at org.apache.maven.surefire.booter.ForkedBooter.invokeProviderInSameClassLoader(ForkedBooter.java:384)
at org.apache.maven.surefire.booter.ForkedBooter.runSuitesInProcess(ForkedBooter.java:345)
at org.apache.maven.surefire.booter.ForkedBooter.execute(ForkedBooter.java:126)
at org.apache.maven.surefire.booter.ForkedBooter.main(ForkedBooter.java:418)
]]>
            </full-stacktrace>
          </exception> <!-- java.lang.AssertionError -->
          <reporter-output>
          </reporter-output>
        </test-method> <!-- titleValidation -->
        <test-method status="PASS" signature="teardown()[pri:0, instance:SeleniumTesting.AssertionsCode@192d43ce]" name="teardown" is-config="true" duration-ms="921" started-at="2018-10-22T04:31:50Z" finished-at="2018-10-22T04:31:51Z">
          <reporter-output>
          </reporter-output>
        </test-method> <!-- teardown -->
      </class> <!-- SeleniumTesting.AssertionsCode -->
    </test> <!-- validating assertion code -->
    <test name="validation login test" duration-ms="17025" started-at="2018-10-22T04:31:51Z" finished-at="2018-10-22T04:32:08Z">
      <class name="SeleniumTesting.LoginTest">
        <test-method status="PASS" signature="basePageNavigation()[pri:0, instance:SeleniumTesting.LoginTest@74e52303]" name="basePageNavigation" is-config="true" duration-ms="10661" started-at="2018-10-22T04:31:51Z" finished-at="2018-10-22T04:32:02Z">
          <reporter-output>
          </reporter-output>
        </test-method> <!-- basePageNavigation -->
        <test-method status="PASS" signature="signIn(java.lang.String, java.lang.String)[pri:0, instance:SeleniumTesting.LoginTest@74e52303]" name="signIn" duration-ms="3397" started-at="2018-10-22T04:32:02Z" data-provider="getData" finished-at="2018-10-22T04:32:05Z">
          <params>
            <param index="0">
              <value>
                <![CDATA[harsha@gmail.comm]]>
              </value>
            </param>
            <param index="1">
              <value>
                <![CDATA[password]]>
              </value>
            </param>
          </params>
          <reporter-output>
          </reporter-output>
        </test-method> <!-- signIn -->
        <test-method status="PASS" signature="teardown()[pri:0, instance:SeleniumTesting.LoginTest@74e52303]" name="teardown" is-config="true" duration-ms="2960" started-at="2018-10-22T04:32:05Z" finished-at="2018-10-22T04:32:08Z">
          <reporter-output>
          </reporter-output>
        </test-method> <!-- teardown -->
      </class> <!-- SeleniumTesting.LoginTest -->
    </test> <!-- validation login test -->
  </suite> <!-- Suite -->
</testng-results>
